python-dotenv could not parse statement starting at line 8
INFO:     Started server process [76291]
INFO:     Waiting for application startup.
INFO:     Application startup complete.
INFO:     Uvicorn running on http://127.0.0.1:8001 (Press CTRL+C to quit)
INFO:     127.0.0.1:50975 - "POST /process HTTP/1.1" 500 Internal Server Error
ERROR:    Exception in ASGI application
Traceback (most recent call last):
  File "/Users/samaysamrat/Desktop/ClipAI_Intern/ai-service/venv/lib/python3.14/site-packages/uvicorn/protocols/http/h11_impl.py", line 408, in run_asgi
    result = await app(  # type: ignore[func-returns-value]
             ^^^^^^^^^^^^^^^^^^^^^^^^^^^^^^^^^^^^^^^^^^^^^^
        self.scope, self.receive, self.send
        ^^^^^^^^^^^^^^^^^^^^^^^^^^^^^^^^^^^
    )
    ^
  File "/Users/samaysamrat/Desktop/ClipAI_Intern/ai-service/venv/lib/python3.14/site-packages/uvicorn/middleware/proxy_headers.py", line 84, in __call__
    return await self.app(scope, receive, send)
           ^^^^^^^^^^^^^^^^^^^^^^^^^^^^^^^^^^^^
  File "/Users/samaysamrat/Desktop/ClipAI_Intern/ai-service/venv/lib/python3.14/site-packages/fastapi/applications.py", line 1106, in __call__
    await super().__call__(scope, receive, send)
  File "/Users/samaysamrat/Desktop/ClipAI_Intern/ai-service/venv/lib/python3.14/site-packages/starlette/applications.py", line 122, in __call__
    await self.middleware_stack(scope, receive, send)
  File "/Users/samaysamrat/Desktop/ClipAI_Intern/ai-service/venv/lib/python3.14/site-packages/starlette/middleware/errors.py", line 184, in __call__
    raise exc
  File "/Users/samaysamrat/Desktop/ClipAI_Intern/ai-service/venv/lib/python3.14/site-packages/starlette/middleware/errors.py", line 162, in __call__
    await self.app(scope, receive, _send)
  File "/Users/samaysamrat/Desktop/ClipAI_Intern/ai-service/venv/lib/python3.14/site-packages/starlette/middleware/cors.py", line 83, in __call__
    await self.app(scope, receive, send)
  File "/Users/samaysamrat/Desktop/ClipAI_Intern/ai-service/venv/lib/python3.14/site-packages/starlette/middleware/exceptions.py", line 79, in __call__
    raise exc
  File "/Users/samaysamrat/Desktop/ClipAI_Intern/ai-service/venv/lib/python3.14/site-packages/starlette/middleware/exceptions.py", line 68, in __call__
    await self.app(scope, receive, sender)
  File "/Users/samaysamrat/Desktop/ClipAI_Intern/ai-service/venv/lib/python3.14/site-packages/fastapi/middleware/asyncexitstack.py", line 20, in __call__
    raise e
  File "/Users/samaysamrat/Desktop/ClipAI_Intern/ai-service/venv/lib/python3.14/site-packages/fastapi/middleware/asyncexitstack.py", line 17, in __call__
    await self.app(scope, receive, send)
  File "/Users/samaysamrat/Desktop/ClipAI_Intern/ai-service/venv/lib/python3.14/site-packages/starlette/routing.py", line 718, in __call__
    await route.handle(scope, receive, send)
  File "/Users/samaysamrat/Desktop/ClipAI_Intern/ai-service/venv/lib/python3.14/site-packages/starlette/routing.py", line 276, in handle
    await self.app(scope, receive, send)
  File "/Users/samaysamrat/Desktop/ClipAI_Intern/ai-service/venv/lib/python3.14/site-packages/starlette/routing.py", line 66, in app
    response = await func(request)
               ^^^^^^^^^^^^^^^^^^^
  File "/Users/samaysamrat/Desktop/ClipAI_Intern/ai-service/venv/lib/python3.14/site-packages/fastapi/routing.py", line 274, in app
    raw_response = await run_endpoint_function(
                   ^^^^^^^^^^^^^^^^^^^^^^^^^^^^
        dependant=dependant, values=values, is_coroutine=is_coroutine
        ^^^^^^^^^^^^^^^^^^^^^^^^^^^^^^^^^^^^^^^^^^^^^^^^^^^^^^^^^^^^^
    )
    ^
  File "/Users/samaysamrat/Desktop/ClipAI_Intern/ai-service/venv/lib/python3.14/site-packages/fastapi/routing.py", line 191, in run_endpoint_function
    return await dependant.call(**values)
           ^^^^^^^^^^^^^^^^^^^^^^^^^^^^^^
  File "/Users/samaysamrat/Desktop/ClipAI_Intern/ai-service/main.py", line 1318, in process_video
    update_job_state(job_id, {"step": "Initializing...", "progress": 5})
    ~~~~~~~~~~~~~~~~^^^^^^^^^^^^^^^^^^^^^^^^^^^^^^^^^^^^^^^^^^^^^^^^^^^^
  File "/Users/samaysamrat/Desktop/ClipAI_Intern/ai-service/main.py", line 32, in update_job_state
    jobs_collection.update_one(
    ~~~~~~~~~~~~~~~~~~~~~~~~~~^
        {"job_id": job_id}, {"$set": state_data}, upsert=True
        ^^^^^^^^^^^^^^^^^^^^^^^^^^^^^^^^^^^^^^^^^^^^^^^^^^^^^
    )
    ^
  File "/Users/samaysamrat/Desktop/ClipAI_Intern/ai-service/venv/lib/python3.14/site-packages/pymongo/collection.py", line 1086, in update_one
    self._update_retryable(
    ~~~~~~~~~~~~~~~~~~~~~~^
        filter,
        ^^^^^^^
    ...<9 lines>...
        comment=comment,
        ^^^^^^^^^^^^^^^^
    ),
    ^
  File "/Users/samaysamrat/Desktop/ClipAI_Intern/ai-service/venv/lib/python3.14/site-packages/pymongo/collection.py", line 881, in _update_retryable
    return self.__database.client._retryable_write(
           ~~~~~~~~~~~~~~~~~~~~~~~~~~~~~~~~~~~~~~~^
        (write_concern or self.write_concern).acknowledged and not multi, _update, session
        ^^^^^^^^^^^^^^^^^^^^^^^^^^^^^^^^^^^^^^^^^^^^^^^^^^^^^^^^^^^^^^^^^^^^^^^^^^^^^^^^^^
    )
    ^
  File "/Users/samaysamrat/Desktop/ClipAI_Intern/ai-service/venv/lib/python3.14/site-packages/pymongo/mongo_client.py", line 1523, in _retryable_write
    return self._retry_with_session(retryable, func, s, bulk)
           ~~~~~~~~~~~~~~~~~~~~~~~~^^^^^^^^^^^^^^^^^^^^^^^^^^
  File "/Users/samaysamrat/Desktop/ClipAI_Intern/ai-service/venv/lib/python3.14/site-packages/pymongo/mongo_client.py", line 1421, in _retry_with_session
    return self._retry_internal(
           ~~~~~~~~~~~~~~~~~~~~^
        func=func,
        ^^^^^^^^^^
    ...<2 lines>...
        retryable=retryable,
        ^^^^^^^^^^^^^^^^^^^^
    )
    ^
  File "/Users/samaysamrat/Desktop/ClipAI_Intern/ai-service/venv/lib/python3.14/site-packages/pymongo/_csot.py", line 107, in csot_wrapper
    return func(self, *args, **kwargs)
  File "/Users/samaysamrat/Desktop/ClipAI_Intern/ai-service/venv/lib/python3.14/site-packages/pymongo/mongo_client.py", line 1462, in _retry_internal
    ).run()
      ~~~^^
  File "/Users/samaysamrat/Desktop/ClipAI_Intern/ai-service/venv/lib/python3.14/site-packages/pymongo/mongo_client.py", line 2315, in run
    return self._read() if self._is_read else self._write()
                                              ~~~~~~~~~~~^^
  File "/Users/samaysamrat/Desktop/ClipAI_Intern/ai-service/venv/lib/python3.14/site-packages/pymongo/mongo_client.py", line 2416, in _write
    with self._client._checkout(self._server, self._session) as conn:
         ~~~~~~~~~~~~~~~~~~~~~~^^^^^^^^^^^^^^^^^^^^^^^^^^^^^
  File "/opt/homebrew/Cellar/python@3.14/3.14.3_1/Frameworks/Python.framework/Versions/3.14/lib/python3.14/contextlib.py", line 141, in __enter__
    return next(self.gen)
  File "/Users/samaysamrat/Desktop/ClipAI_Intern/ai-service/venv/lib/python3.14/site-packages/pymongo/mongo_client.py", line 1252, in _checkout
    with server.checkout(handler=err_handler) as conn:
         ~~~~~~~~~~~~~~~^^^^^^^^^^^^^^^^^^^^^
  File "/opt/homebrew/Cellar/python@3.14/3.14.3_1/Frameworks/Python.framework/Versions/3.14/lib/python3.14/contextlib.py", line 141, in __enter__
    return next(self.gen)
  File "/Users/samaysamrat/Desktop/ClipAI_Intern/ai-service/venv/lib/python3.14/site-packages/pymongo/pool.py", line 1637, in checkout
    conn = self._get_conn(handler=handler)
  File "/Users/samaysamrat/Desktop/ClipAI_Intern/ai-service/venv/lib/python3.14/site-packages/pymongo/pool.py", line 1756, in _get_conn
    conn = self.connect(handler=handler)
  File "/Users/samaysamrat/Desktop/ClipAI_Intern/ai-service/venv/lib/python3.14/site-packages/pymongo/pool.py", line 1607, in connect
    conn.authenticate()
    ~~~~~~~~~~~~~~~~~^^
  File "/Users/samaysamrat/Desktop/ClipAI_Intern/ai-service/venv/lib/python3.14/site-packages/pymongo/pool.py", line 1078, in authenticate
    auth.authenticate(creds, self, reauthenticate=reauthenticate)
    ~~~~~~~~~~~~~~~~~^^^^^^^^^^^^^^^^^^^^^^^^^^^^^^^^^^^^^^^^^^^^
  File "/Users/samaysamrat/Desktop/ClipAI_Intern/ai-service/venv/lib/python3.14/site-packages/pymongo/auth.py", line 625, in authenticate
    auth_func(credentials, conn)
    ~~~~~~~~~^^^^^^^^^^^^^^^^^^^
  File "/Users/samaysamrat/Desktop/ClipAI_Intern/ai-service/venv/lib/python3.14/site-packages/pymongo/auth.py", line 530, in _authenticate_default
    return _authenticate_scram(credentials, conn, "SCRAM-SHA-1")
  File "/Users/samaysamrat/Desktop/ClipAI_Intern/ai-service/venv/lib/python3.14/site-packages/pymongo/auth.py", line 298, in _authenticate_scram
    res = conn.command(source, cmd)
  File "/Users/samaysamrat/Desktop/ClipAI_Intern/ai-service/venv/lib/python3.14/site-packages/pymongo/helpers.py", line 322, in inner
    return func(*args, **kwargs)
  File "/Users/samaysamrat/Desktop/ClipAI_Intern/ai-service/venv/lib/python3.14/site-packages/pymongo/pool.py", line 968, in command
    return command(
        self,
    ...<20 lines>...
        write_concern=write_concern,
    )
  File "/Users/samaysamrat/Desktop/ClipAI_Intern/ai-service/venv/lib/python3.14/site-packages/pymongo/network.py", line 192, in command
    helpers._check_command_response(
    ~~~~~~~~~~~~~~~~~~~~~~~~~~~~~~~^
        response_doc,
        ^^^^^^^^^^^^^
    ...<2 lines>...
        parse_write_concern_error=parse_write_concern_error,
        ^^^^^^^^^^^^^^^^^^^^^^^^^^^^^^^^^^^^^^^^^^^^^^^^^^^^
    )
    ^
  File "/Users/samaysamrat/Desktop/ClipAI_Intern/ai-service/venv/lib/python3.14/site-packages/pymongo/helpers.py", line 230, in _check_command_response
    raise OperationFailure(errmsg, code, response, max_wire_version)
pymongo.errors.OperationFailure: bad auth : authentication failed, full error: {'ok': 0, 'errmsg': 'bad auth : authentication failed', 'code': 8000, 'codeName': 'AtlasError'}
